# JRE version: Java(TM) SE Runtime Environment (8.0_25-b17) (build 1.8.0_25-b17)
# Java VM: Java HotSpot(TM) 64-Bit Server VM (25.25-b02 mixed mode bsd-amd64 compressed oops)
Heap:
 PSYoungGen      total 205824K, used 142239K [0x000000076ab00000, 0x0000000796c80000, 0x00000007c0000000)
  eden space 203264K, 69% used [0x000000076ab00000,0x00000007735dfd68,0x0000000777180000)
  from space 2560K, 1% used [0x0000000796780000,0x0000000796788000,0x0000000796a00000)
  to   space 2560K, 0% used [0x0000000796a00000,0x0000000796a00000,0x0000000796c80000)
 ParOldGen       total 175104K, used 9768K [0x00000006c0000000, 0x00000006cab00000, 0x000000076ab00000)
  object space 175104K, 5% used [0x00000006c0000000,0x00000006c098a150,0x00000006cab00000)
 Metaspace       used 17746K, capacity 18672K, committed 18944K, reserved 1064960K
  class space    used 2604K, capacity 2794K, committed 2816K, reserved 1048576K
GC Heap History (10 events):
Event: 30.998 GC heap before
{Heap before GC invocations=39 (full 0):
 PSYoungGen      total 246784K, used 246336K [0x000000076ab00000, 0x0000000797200000, 0x00000007c0000000)
  eden space 246272K, 100% used [0x000000076ab00000,0x0000000779b80000,0x0000000779b80000)
  from space 512K, 12% used [0x0000000797180000,0x0000000797190000,0x0000000797200000)
  to   space 3584K, 0% used [0x0000000796b00000,0x0000000796b00000,0x0000000796e80000)
 ParOldGen       total 175104K, used 9760K [0x00000006c0000000, 0x00000006cab00000, 0x000000076ab00000)
  object space 175104K, 5% used [0x00000006c0000000,0x00000006c0988150,0x00000006cab00000)
 Metaspace       used 17746K, capacity 18672K, committed 18944K, reserved 1064960K
  class space    used 2604K, capacity 2794K, committed 2816K, reserved 1048576K
Event: 30.999 GC heap after
Heap after GC invocations=39 (full 0):
 PSYoungGen      total 240640K, used 96K [0x000000076ab00000, 0x0000000797200000, 0x00000007c0000000)
  eden space 237056K, 0% used [0x000000076ab00000,0x000000076ab00000,0x0000000779280000)
  from space 3584K, 2% used [0x0000000796b00000,0x0000000796b18000,0x0000000796e80000)
  to   space 3584K, 0% used [0x0000000796e80000,0x0000000796e80000,0x0000000797200000)
 ParOldGen       total 175104K, used 9760K [0x00000006c0000000, 0x00000006cab00000, 0x000000076ab00000)
  object space 175104K, 5% used [0x00000006c0000000,0x00000006c0988150,0x00000006cab00000)
 Metaspace       used 17746K, capacity 18672K, committed 18944K, reserved 1064960K
  class space    used 2604K, capacity 2794K, committed 2816K, reserved 1048576K
}
Event: 31.401 GC heap before
{Heap before GC invocations=40 (full 0):
 PSYoungGen      total 240640K, used 237152K [0x000000076ab00000, 0x0000000797200000, 0x00000007c0000000)
  eden space 237056K, 100% used [0x000000076ab00000,0x0000000779280000,0x0000000779280000)
  from space 3584K, 2% used [0x0000000796b00000,0x0000000796b18000,0x0000000796e80000)
  to   space 3584K, 0% used [0x0000000796e80000,0x0000000796e80000,0x0000000797200000)
 ParOldGen       total 175104K, used 9760K [0x00000006c0000000, 0x00000006cab00000, 0x000000076ab00000)
  object space 175104K, 5% used [0x00000006c0000000,0x00000006c0988150,0x00000006cab00000)
 Metaspace       used 17746K, capacity 18672K, committed 18944K, reserved 1064960K
  class space    used 2604K, capacity 2794K, committed 2816K, reserved 1048576K
Event: 31.402 GC heap after
Heap after GC invocations=40 (full 0):
 PSYoungGen      total 228352K, used 64K [0x000000076ab00000, 0x0000000796f00000, 0x00000007c0000000)
  eden space 227840K, 0% used [0x000000076ab00000,0x000000076ab00000,0x0000000778980000)
  from space 512K, 12% used [0x0000000796e80000,0x0000000796e90000,0x0000000796f00000)
  to   space 3072K, 0% used [0x0000000796900000,0x0000000796900000,0x0000000796c00000)
 ParOldGen       total 175104K, used 9760K [0x00000006c0000000, 0x00000006cab00000, 0x000000076ab00000)
  object space 175104K, 5% used [0x00000006c0000000,0x00000006c0988150,0x00000006cab00000)
 Metaspace       used 17746K, capacity 18672K, committed 18944K, reserved 1064960K
  class space    used 2604K, capacity 2794K, committed 2816K, reserved 1048576K
}
Event: 31.778 GC heap before
{Heap before GC invocations=41 (full 0):
 PSYoungGen      total 228352K, used 227904K [0x000000076ab00000, 0x0000000796f00000, 0x00000007c0000000)
  eden space 227840K, 100% used [0x000000076ab00000,0x0000000778980000,0x0000000778980000)
  from space 512K, 12% used [0x0000000796e80000,0x0000000796e90000,0x0000000796f00000)
  to   space 3072K, 0% used [0x0000000796900000,0x0000000796900000,0x0000000796c00000)
 ParOldGen       total 175104K, used 9760K [0x00000006c0000000, 0x00000006cab00000, 0x000000076ab00000)
  object space 175104K, 5% used [0x00000006c0000000,0x00000006c0988150,0x00000006cab00000)
 Metaspace       used 17746K, capacity 18672K, committed 18944K, reserved 1064960K
  class space    used 2604K, capacity 2794K, committed 2816K, reserved 1048576K
Event: 31.779 GC heap after
Heap after GC invocations=41 (full 0):
 PSYoungGen      total 222208K, used 64K [0x000000076ab00000, 0x0000000796f00000, 0x00000007c0000000)
  eden space 219136K, 0% used [0x000000076ab00000,0x000000076ab00000,0x0000000778100000)
  from space 3072K, 2% used [0x0000000796900000,0x0000000796910000,0x0000000796c00000)
  to   space 3072K, 0% used [0x0000000796c00000,0x0000000796c00000,0x0000000796f00000)
 ParOldGen       total 175104K, used 9760K [0x00000006c0000000, 0x00000006cab00000, 0x000000076ab00000)
  object space 175104K, 5% used [0x00000006c0000000,0x00000006c0988150,0x00000006cab00000)
 Metaspace       used 17746K, capacity 18672K, committed 18944K, reserved 1064960K
  class space    used 2604K, capacity 2794K, committed 2816K, reserved 1048576K
}
Event: 32.142 GC heap before
{Heap before GC invocations=42 (full 0):
 PSYoungGen      total 222208K, used 219200K [0x000000076ab00000, 0x0000000796f00000, 0x00000007c0000000)
  eden space 219136K, 100% used [0x000000076ab00000,0x0000000778100000,0x0000000778100000)
  from space 3072K, 2% used [0x0000000796900000,0x0000000796910000,0x0000000796c00000)
  to   space 3072K, 0% used [0x0000000796c00000,0x0000000796c00000,0x0000000796f00000)
 ParOldGen       total 175104K, used 9760K [0x00000006c0000000, 0x00000006cab00000, 0x000000076ab00000)
  object space 175104K, 5% used [0x00000006c0000000,0x00000006c0988150,0x00000006cab00000)
 Metaspace       used 17746K, capacity 18672K, committed 18944K, reserved 1064960K
  class space    used 2604K, capacity 2794K, committed 2816K, reserved 1048576K
Event: 32.143 GC heap after
Heap after GC invocations=42 (full 0):
 PSYoungGen      total 211456K, used 96K [0x000000076ab00000, 0x0000000796c80000, 0x00000007c0000000)
  eden space 210944K, 0% used [0x000000076ab00000,0x000000076ab00000,0x0000000777900000)
  from space 512K, 18% used [0x0000000796c00000,0x0000000796c18000,0x0000000796c80000)
  to   space 2560K, 0% used [0x0000000796780000,0x0000000796780000,0x0000000796a00000)
 ParOldGen       total 175104K, used 9760K [0x00000006c0000000, 0x00000006cab00000, 0x000000076ab00000)
  object space 175104K, 5% used [0x00000006c0000000,0x00000006c0988150,0x00000006cab00000)
 Metaspace       used 17746K, capacity 18672K, committed 18944K, reserved 1064960K
  class space    used 2604K, capacity 2794K, committed 2816K, reserved 1048576K
}
Event: 32.498 GC heap before
{Heap before GC invocations=43 (full 0):
 PSYoungGen      total 211456K, used 211040K [0x000000076ab00000, 0x0000000796c80000, 0x00000007c0000000)
  eden space 210944K, 100% used [0x000000076ab00000,0x0000000777900000,0x0000000777900000)
  from space 512K, 18% used [0x0000000796c00000,0x0000000796c18000,0x0000000796c80000)
  to   space 2560K, 0% used [0x0000000796780000,0x0000000796780000,0x0000000796a00000)
 ParOldGen       total 175104K, used 9760K [0x00000006c0000000, 0x00000006cab00000, 0x000000076ab00000)
  object space 175104K, 5% used [0x00000006c0000000,0x00000006c0988150,0x00000006cab00000)
 Metaspace       used 17746K, capacity 18672K, committed 18944K, reserved 1064960K
  class space    used 2604K, capacity 2794K, committed 2816K, reserved 1048576K
Event: 32.499 GC heap after
Heap after GC invocations=43 (full 0):
 PSYoungGen      total 205824K, used 32K [0x000000076ab00000, 0x0000000796c80000, 0x00000007c0000000)
  eden space 203264K, 0% used [0x000000076ab00000,0x000000076ab00000,0x0000000777180000)
  from space 2560K, 1% used [0x0000000796780000,0x0000000796788000,0x0000000796a00000)
  to   space 2560K, 0% used [0x0000000796a00000,0x0000000796a00000,0x0000000796c80000)
 ParOldGen       total 175104K, used 9768K [0x00000006c0000000, 0x00000006cab00000, 0x000000076ab00000)
  object space 175104K, 5% used [0x00000006c0000000,0x00000006c098a150,0x00000006cab00000)
 Metaspace       used 17746K, capacity 18672K, committed 18944K, reserved 1064960K
  class space    used 2604K, capacity 2794K, committed 2816K, reserved 1048576K
}

